<?xml version="1.0" encoding="UTF-8"?>
<!-- Generated by org.testng.reporters.JUnitXMLReporter -->
<testsuite ignored="0" hostname="LAPTOP-SK2I11LG" failures="4" tests="4" name="Command line test" time="0.062" errors="0" timestamp="28 Mar 2022 15:38:09 GMT">
  <testcase classname="test.AddContactTest" name="validUserShallbeAbleToAddContact" time="0.0">
    <failure type="org.testng.TestNGException" message="
Parameter &amp;apos;UserName&amp;apos; is required by @Test on method validUserShallbeAbleToAddContact but has not been marked @Optional or defined
">
      <![CDATA[org.testng.TestNGException: 
Parameter 'UserName' is required by @Test on method validUserShallbeAbleToAddContact but has not been marked @Optional or defined

... Removed 34 stack frames]]>
    </failure>
  </testcase> <!-- validUserShallbeAbleToAddContact -->
  <testcase classname="test.ListCustomerAddContactTest" name="validUserShallbeAbleToAddContact" time="0.0">
    <failure type="org.testng.TestNGException" message="
Parameter &amp;apos;UserName&amp;apos; is required by @Test on method validUserShallbeAbleToAddContact but has not been marked @Optional or defined
">
      <![CDATA[org.testng.TestNGException: 
Parameter 'UserName' is required by @Test on method validUserShallbeAbleToAddContact but has not been marked @Optional or defined

... Removed 34 stack frames]]>
    </failure>
  </testcase> <!-- validUserShallbeAbleToAddContact -->
  <testcase classname="test.ListCustomerTest" name="validUserShallbeAbleToAddContact" time="0.0">
    <failure type="org.testng.TestNGException" message="
Parameter &amp;apos;UserName&amp;apos; is required by @Test on method validUserShallbeAbleToAddContact but has not been marked @Optional or defined
">
      <![CDATA[org.testng.TestNGException: 
Parameter 'UserName' is required by @Test on method validUserShallbeAbleToAddContact but has not been marked @Optional or defined

... Removed 34 stack frames]]>
    </failure>
  </testcase> <!-- validUserShallbeAbleToAddContact -->
  <testcase classname="test.LoginTest" name="validUserShouldAbleToLogin" time="0.0">
    <failure type="org.testng.TestNGException" message="
Parameter &amp;apos;UserName&amp;apos; is required by @Test on method validUserShouldAbleToLogin but has not been marked @Optional or defined
">
      <![CDATA[org.testng.TestNGException: 
Parameter 'UserName' is required by @Test on method validUserShouldAbleToLogin but has not been marked @Optional or defined

... Removed 34 stack frames]]>
    </failure>
  </testcase> <!-- validUserShouldAbleToLogin -->
</testsuite> <!-- Command line test -->
